  stdafx.cpp
  close_watcher.cpp
C:\Users\Gaston\Downloads\LeagueDumper-master\LeagueDumper-master\pd\simple.h(14,22): warning C4996: 'std::tr1': warning STL4002: The non-Standard std::tr1 namespace and TR1-only machinery are deprecated and will be REMOVED. You can define _SILENCE_TR1_NAMESPACE_DEPRECATION_WARNING to suppress this warning.
C:\Users\Gaston\Downloads\LeagueDumper-master\LeagueDumper-master\pd\simple.h(32,3): warning C4996: 'strcpy': This function or variable may be unsafe. Consider using strcpy_s instead. To disable deprecation, use _CRT_SECURE_NO_WARNINGS. See online help for details.
C:\Users\Gaston\Downloads\LeagueDumper-master\LeagueDumper-master\pd\simple.h(62,3): warning C4996: 'strcpy': This function or variable may be unsafe. Consider using strcpy_s instead. To disable deprecation, use _CRT_SECURE_NO_WARNINGS. See online help for details.
C:\Users\Gaston\Downloads\LeagueDumper-master\LeagueDumper-master\pd\module_list.h(10,22): warning C4996: 'std::tr1': warning STL4002: The non-Standard std::tr1 namespace and TR1-only machinery are deprecated and will be REMOVED. You can define _SILENCE_TR1_NAMESPACE_DEPRECATION_WARNING to suppress this warning.
C:\Users\Gaston\Downloads\LeagueDumper-master\LeagueDumper-master\pd\module_list.h(44,3): warning C4996: '_snprintf': This function or variable may be unsafe. Consider using _snprintf_s instead. To disable deprecation, use _CRT_SECURE_NO_WARNINGS. See online help for details.
C:\Users\Gaston\Downloads\LeagueDumper-master\LeagueDumper-master\pd\module_list.h(45,3): warning C4996: '_snprintf': This function or variable may be unsafe. Consider using _snprintf_s instead. To disable deprecation, use _CRT_SECURE_NO_WARNINGS. See online help for details.
C:\Users\Gaston\Downloads\LeagueDumper-master\LeagueDumper-master\pd\stream_wrapper.h(40,3): warning C4996: 'strcpy': This function or variable may be unsafe. Consider using strcpy_s instead. To disable deprecation, use _CRT_SECURE_NO_WARNINGS. See online help for details.
C:\Users\Gaston\Downloads\LeagueDumper-master\LeagueDumper-master\pd\stream_wrapper.h(43,8): warning C4996: 'fopen': This function or variable may be unsafe. Consider using fopen_s instead. To disable deprecation, use _CRT_SECURE_NO_WARNINGS. See online help for details.
C:\Users\Gaston\Downloads\LeagueDumper-master\LeagueDumper-master\pd\stream_wrapper.h(92,3): warning C4996: '_splitpath': This function or variable may be unsafe. Consider using _splitpath_s instead. To disable deprecation, use _CRT_SECURE_NO_WARNINGS. See online help for details.
C:\Users\Gaston\Downloads\LeagueDumper-master\LeagueDumper-master\pd\stream_wrapper.h(93,3): warning C4996: 'sprintf': This function or variable may be unsafe. Consider using sprintf_s instead. To disable deprecation, use _CRT_SECURE_NO_WARNINGS. See online help for details.
C:\Users\Gaston\Downloads\LeagueDumper-master\LeagueDumper-master\pd\stream_wrapper.h(174,5): warning C4996: 'strcpy': This function or variable may be unsafe. Consider using strcpy_s instead. To disable deprecation, use _CRT_SECURE_NO_WARNINGS. See online help for details.
C:\Users\Gaston\Downloads\LeagueDumper-master\LeagueDumper-master\pd\stream_wrapper.h(175,5): warning C4996: 'strcpy': This function or variable may be unsafe. Consider using strcpy_s instead. To disable deprecation, use _CRT_SECURE_NO_WARNINGS. See online help for details.
C:\Users\Gaston\Downloads\LeagueDumper-master\LeagueDumper-master\pd\stream_wrapper.h(272,19): warning C4996: 'sprintf': This function or variable may be unsafe. Consider using sprintf_s instead. To disable deprecation, use _CRT_SECURE_NO_WARNINGS. See online help for details.
C:\Users\Gaston\Downloads\LeagueDumper-master\LeagueDumper-master\pd\stream_wrapper.h(421,24): warning C4018: '<': no coinciden signed/unsigned
C:\Users\Gaston\Downloads\LeagueDumper-master\LeagueDumper-master\pd\export_list.h(14,22): warning C4996: 'std::tr1': warning STL4002: The non-Standard std::tr1 namespace and TR1-only machinery are deprecated and will be REMOVED. You can define _SILENCE_TR1_NAMESPACE_DEPRECATION_WARNING to suppress this warning.
C:\Users\Gaston\Downloads\LeagueDumper-master\LeagueDumper-master\pd\pe_imports.h(6,1): warning C4005: 'IMAGE_ORDINAL_FLAG64': redefinición de macro
C:\Program Files (x86)\Windows Kits\10\Include\10.0.22621.0\um\winnt.h(19552,1): message : vea la definición anterior de 'IMAGE_ORDINAL_FLAG64'
C:\Users\Gaston\Downloads\LeagueDumper-master\LeagueDumper-master\pd\pe_header.h(17,22): warning C4996: 'std::tr1': warning STL4002: The non-Standard std::tr1 namespace and TR1-only machinery are deprecated and will be REMOVED. You can define _SILENCE_TR1_NAMESPACE_DEPRECATION_WARNING to suppress this warning.
C:\Users\Gaston\Downloads\LeagueDumper-master\LeagueDumper-master\pd\pe_hash_database.h(21,22): warning C4996: 'std::tr1': warning STL4002: The non-Standard std::tr1 namespace and TR1-only machinery are deprecated and will be REMOVED. You can define _SILENCE_TR1_NAMESPACE_DEPRECATION_WARNING to suppress this warning.
C:\Users\Gaston\Downloads\LeagueDumper-master\LeagueDumper-master\pd\dump_process.h(21,22): warning C4996: 'std::tr1': warning STL4002: The non-Standard std::tr1 namespace and TR1-only machinery are deprecated and will be REMOVED. You can define _SILENCE_TR1_NAMESPACE_DEPRECATION_WARNING to suppress this warning.
  dump_process.cpp
C:\Users\Gaston\Downloads\LeagueDumper-master\LeagueDumper-master\pd\simple.h(14,22): warning C4996: 'std::tr1': warning STL4002: The non-Standard std::tr1 namespace and TR1-only machinery are deprecated and will be REMOVED. You can define _SILENCE_TR1_NAMESPACE_DEPRECATION_WARNING to suppress this warning.
C:\Users\Gaston\Downloads\LeagueDumper-master\LeagueDumper-master\pd\simple.h(32,3): warning C4996: 'strcpy': This function or variable may be unsafe. Consider using strcpy_s instead. To disable deprecation, use _CRT_SECURE_NO_WARNINGS. See online help for details.
C:\Users\Gaston\Downloads\LeagueDumper-master\LeagueDumper-master\pd\simple.h(62,3): warning C4996: 'strcpy': This function or variable may be unsafe. Consider using strcpy_s instead. To disable deprecation, use _CRT_SECURE_NO_WARNINGS. See online help for details.
C:\Users\Gaston\Downloads\LeagueDumper-master\LeagueDumper-master\pd\module_list.h(10,22): warning C4996: 'std::tr1': warning STL4002: The non-Standard std::tr1 namespace and TR1-only machinery are deprecated and will be REMOVED. You can define _SILENCE_TR1_NAMESPACE_DEPRECATION_WARNING to suppress this warning.
C:\Users\Gaston\Downloads\LeagueDumper-master\LeagueDumper-master\pd\module_list.h(44,3): warning C4996: '_snprintf': This function or variable may be unsafe. Consider using _snprintf_s instead. To disable deprecation, use _CRT_SECURE_NO_WARNINGS. See online help for details.
C:\Users\Gaston\Downloads\LeagueDumper-master\LeagueDumper-master\pd\module_list.h(45,3): warning C4996: '_snprintf': This function or variable may be unsafe. Consider using _snprintf_s instead. To disable deprecation, use _CRT_SECURE_NO_WARNINGS. See online help for details.
C:\Users\Gaston\Downloads\LeagueDumper-master\LeagueDumper-master\pd\stream_wrapper.h(40,3): warning C4996: 'strcpy': This function or variable may be unsafe. Consider using strcpy_s instead. To disable deprecation, use _CRT_SECURE_NO_WARNINGS. See online help for details.
C:\Users\Gaston\Downloads\LeagueDumper-master\LeagueDumper-master\pd\stream_wrapper.h(43,8): warning C4996: 'fopen': This function or variable may be unsafe. Consider using fopen_s instead. To disable deprecation, use _CRT_SECURE_NO_WARNINGS. See online help for details.
C:\Users\Gaston\Downloads\LeagueDumper-master\LeagueDumper-master\pd\stream_wrapper.h(92,3): warning C4996: '_splitpath': This function or variable may be unsafe. Consider using _splitpath_s instead. To disable deprecation, use _CRT_SECURE_NO_WARNINGS. See online help for details.
C:\Users\Gaston\Downloads\LeagueDumper-master\LeagueDumper-master\pd\stream_wrapper.h(93,3): warning C4996: 'sprintf': This function or variable may be unsafe. Consider using sprintf_s instead. To disable deprecation, use _CRT_SECURE_NO_WARNINGS. See online help for details.
C:\Users\Gaston\Downloads\LeagueDumper-master\LeagueDumper-master\pd\stream_wrapper.h(174,5): warning C4996: 'strcpy': This function or variable may be unsafe. Consider using strcpy_s instead. To disable deprecation, use _CRT_SECURE_NO_WARNINGS. See online help for details.
C:\Users\Gaston\Downloads\LeagueDumper-master\LeagueDumper-master\pd\stream_wrapper.h(175,5): warning C4996: 'strcpy': This function or variable may be unsafe. Consider using strcpy_s instead. To disable deprecation, use _CRT_SECURE_NO_WARNINGS. See online help for details.
C:\Users\Gaston\Downloads\LeagueDumper-master\LeagueDumper-master\pd\stream_wrapper.h(272,19): warning C4996: 'sprintf': This function or variable may be unsafe. Consider using sprintf_s instead. To disable deprecation, use _CRT_SECURE_NO_WARNINGS. See online help for details.
C:\Users\Gaston\Downloads\LeagueDumper-master\LeagueDumper-master\pd\stream_wrapper.h(421,24): warning C4018: '<': no coinciden signed/unsigned
C:\Users\Gaston\Downloads\LeagueDumper-master\LeagueDumper-master\pd\export_list.h(14,22): warning C4996: 'std::tr1': warning STL4002: The non-Standard std::tr1 namespace and TR1-only machinery are deprecated and will be REMOVED. You can define _SILENCE_TR1_NAMESPACE_DEPRECATION_WARNING to suppress this warning.
C:\Users\Gaston\Downloads\LeagueDumper-master\LeagueDumper-master\pd\pe_imports.h(6,1): warning C4005: 'IMAGE_ORDINAL_FLAG64': redefinición de macro
C:\Program Files (x86)\Windows Kits\10\Include\10.0.22621.0\um\winnt.h(19552,1): message : vea la definición anterior de 'IMAGE_ORDINAL_FLAG64'
C:\Users\Gaston\Downloads\LeagueDumper-master\LeagueDumper-master\pd\pe_header.h(17,22): warning C4996: 'std::tr1': warning STL4002: The non-Standard std::tr1 namespace and TR1-only machinery are deprecated and will be REMOVED. You can define _SILENCE_TR1_NAMESPACE_DEPRECATION_WARNING to suppress this warning.
C:\Users\Gaston\Downloads\LeagueDumper-master\LeagueDumper-master\pd\pe_hash_database.h(21,22): warning C4996: 'std::tr1': warning STL4002: The non-Standard std::tr1 namespace and TR1-only machinery are deprecated and will be REMOVED. You can define _SILENCE_TR1_NAMESPACE_DEPRECATION_WARNING to suppress this warning.
C:\Users\Gaston\Downloads\LeagueDumper-master\LeagueDumper-master\pd\dump_process.h(21,22): warning C4996: 'std::tr1': warning STL4002: The non-Standard std::tr1 namespace and TR1-only machinery are deprecated and will be REMOVED. You can define _SILENCE_TR1_NAMESPACE_DEPRECATION_WARNING to suppress this warning.
C:\Users\Gaston\Downloads\LeagueDumper-master\LeagueDumper-master\pd\dump_process.cpp(82,4): warning C4996: 'strcpy': This function or variable may be unsafe. Consider using strcpy_s instead. To disable deprecation, use _CRT_SECURE_NO_WARNINGS. See online help for details.
C:\Users\Gaston\Downloads\LeagueDumper-master\LeagueDumper-master\pd\dump_process.cpp(55,5): warning C4996: 'sprintf': This function or variable may be unsafe. Consider using sprintf_s instead. To disable deprecation, use _CRT_SECURE_NO_WARNINGS. See online help for details.
C:\Users\Gaston\Downloads\LeagueDumper-master\LeagueDumper-master\pd\dump_process.cpp(189,20): warning C4018: '<': no coinciden signed/unsigned
C:\Users\Gaston\Downloads\LeagueDumper-master\LeagueDumper-master\pd\dump_process.cpp(208,19): warning C4018: '<': no coinciden signed/unsigned
C:\Users\Gaston\Downloads\LeagueDumper-master\LeagueDumper-master\pd\dump_process.cpp(416,8): warning C4996: 'strcmpi': The POSIX name for this item is deprecated. Instead, use the ISO C and C++ conformant name: _strcmpi. See online help for details.
C:\Users\Gaston\Downloads\LeagueDumper-master\LeagueDumper-master\pd\dump_process.cpp(458,8): warning C4996: 'sprintf': This function or variable may be unsafe. Consider using sprintf_s instead. To disable deprecation, use _CRT_SECURE_NO_WARNINGS. See online help for details.
C:\Users\Gaston\Downloads\LeagueDumper-master\LeagueDumper-master\pd\dump_process.cpp(460,8): warning C4996: 'sprintf': This function or variable may be unsafe. Consider using sprintf_s instead. To disable deprecation, use _CRT_SECURE_NO_WARNINGS. See online help for details.
C:\Users\Gaston\Downloads\LeagueDumper-master\LeagueDumper-master\pd\dump_process.cpp(642,20): warning C4018: '<': no coinciden signed/unsigned
C:\Users\Gaston\Downloads\LeagueDumper-master\LeagueDumper-master\pd\dump_process.cpp(660,19): warning C4018: '<': no coinciden signed/unsigned
C:\Users\Gaston\Downloads\LeagueDumper-master\LeagueDumper-master\pd\dump_process.cpp(676,26): warning C4018: '<': no coinciden signed/unsigned
C:\Users\Gaston\Downloads\LeagueDumper-master\LeagueDumper-master\pd\dump_process.cpp(810,26): warning C4477: 'fprintf' : la cadena de formato '%i' requiere un argumento de tipo 'int', pero el argumento variádico 2 tiene el tipo 'size_t'
C:\Users\Gaston\Downloads\LeagueDumper-master\LeagueDumper-master\pd\dump_process.cpp(810,26): message : considere el uso de ' %zi' en la cadena de formato
C:\Users\Gaston\Downloads\LeagueDumper-master\LeagueDumper-master\pd\dump_process.cpp(735,14): warning C4996: 'sprintf': This function or variable may be unsafe. Consider using sprintf_s instead. To disable deprecation, use _CRT_SECURE_NO_WARNINGS. See online help for details.
C:\Users\Gaston\Downloads\LeagueDumper-master\LeagueDumper-master\pd\dump_process.cpp(737,14): warning C4996: 'sprintf': This function or variable may be unsafe. Consider using sprintf_s instead. To disable deprecation, use _CRT_SECURE_NO_WARNINGS. See online help for details.
  export_list.cpp
C:\Users\Gaston\Downloads\LeagueDumper-master\LeagueDumper-master\pd\export_list.h(14,22): warning C4996: 'std::tr1': warning STL4002: The non-Standard std::tr1 namespace and TR1-only machinery are deprecated and will be REMOVED. You can define _SILENCE_TR1_NAMESPACE_DEPRECATION_WARNING to suppress this warning.
C:\Users\Gaston\Downloads\LeagueDumper-master\LeagueDumper-master\pd\export_list.cpp(11,3): warning C4996: 'strcpy': This function or variable may be unsafe. Consider using strcpy_s instead. To disable deprecation, use _CRT_SECURE_NO_WARNINGS. See online help for details.
C:\Users\Gaston\Downloads\LeagueDumper-master\LeagueDumper-master\pd\export_list.cpp(21,3): warning C4996: 'strcpy': This function or variable may be unsafe. Consider using strcpy_s instead. To disable deprecation, use _CRT_SECURE_NO_WARNINGS. See online help for details.
C:\Users\Gaston\Downloads\LeagueDumper-master\LeagueDumper-master\pd\export_list.cpp(40,3): warning C4996: 'strcpy': This function or variable may be unsafe. Consider using strcpy_s instead. To disable deprecation, use _CRT_SECURE_NO_WARNINGS. See online help for details.
C:\Users\Gaston\Downloads\LeagueDumper-master\LeagueDumper-master\pd\export_list.cpp(50,3): warning C4996: 'strcpy': This function or variable may be unsafe. Consider using strcpy_s instead. To disable deprecation, use _CRT_SECURE_NO_WARNINGS. See online help for details.
C:\Users\Gaston\Downloads\LeagueDumper-master\LeagueDumper-master\pd\export_list.cpp(127,55): warning C4996: 'strcmpi': The POSIX name for this item is deprecated. Instead, use the ISO C and C++ conformant name: _strcmpi. See online help for details.
C:\Users\Gaston\Downloads\LeagueDumper-master\LeagueDumper-master\pd\export_list.cpp(174,15): warning C4244: '=': conversión de 'unsigned __int64' a 'unsigned int'; posible pérdida de datos
C:\Users\Gaston\Downloads\LeagueDumper-master\LeagueDumper-master\pd\export_list.cpp(176,15): warning C4244: '=': conversión de 'unsigned __int64' a 'unsigned int'; posible pérdida de datos
C:\Users\Gaston\Downloads\LeagueDumper-master\LeagueDumper-master\pd\export_list.cpp(177,23): warning C4244: '=': conversión de 'unsigned __int64' a 'unsigned int'; posible pérdida de datos
C:\Users\Gaston\Downloads\LeagueDumper-master\LeagueDumper-master\pd\export_list.cpp(210,21): warning C4018: '<': no coinciden signed/unsigned
C:\Users\Gaston\Downloads\LeagueDumper-master\LeagueDumper-master\pd\export_list.cpp(220,11): warning C4018: '<': no coinciden signed/unsigned
C:\Users\Gaston\Downloads\LeagueDumper-master\LeagueDumper-master\pd\export_list.cpp(245,71): warning C4244: 'argumento': conversión de 'DWORD' a 'WORD'; posible pérdida de datos
  hash.cpp
  module_list.cpp
C:\Users\Gaston\Downloads\LeagueDumper-master\LeagueDumper-master\pd\simple.h(14,22): warning C4996: 'std::tr1': warning STL4002: The non-Standard std::tr1 namespace and TR1-only machinery are deprecated and will be REMOVED. You can define _SILENCE_TR1_NAMESPACE_DEPRECATION_WARNING to suppress this warning.
C:\Users\Gaston\Downloads\LeagueDumper-master\LeagueDumper-master\pd\simple.h(32,3): warning C4996: 'strcpy': This function or variable may be unsafe. Consider using strcpy_s instead. To disable deprecation, use _CRT_SECURE_NO_WARNINGS. See online help for details.
C:\Users\Gaston\Downloads\LeagueDumper-master\LeagueDumper-master\pd\simple.h(62,3): warning C4996: 'strcpy': This function or variable may be unsafe. Consider using strcpy_s instead. To disable deprecation, use _CRT_SECURE_NO_WARNINGS. See online help for details.
C:\Users\Gaston\Downloads\LeagueDumper-master\LeagueDumper-master\pd\module_list.h(10,22): warning C4996: 'std::tr1': warning STL4002: The non-Standard std::tr1 namespace and TR1-only machinery are deprecated and will be REMOVED. You can define _SILENCE_TR1_NAMESPACE_DEPRECATION_WARNING to suppress this warning.
C:\Users\Gaston\Downloads\LeagueDumper-master\LeagueDumper-master\pd\module_list.h(44,3): warning C4996: '_snprintf': This function or variable may be unsafe. Consider using _snprintf_s instead. To disable deprecation, use _CRT_SECURE_NO_WARNINGS. See online help for details.
C:\Users\Gaston\Downloads\LeagueDumper-master\LeagueDumper-master\pd\module_list.h(45,3): warning C4996: '_snprintf': This function or variable may be unsafe. Consider using _snprintf_s instead. To disable deprecation, use _CRT_SECURE_NO_WARNINGS. See online help for details.
  pd.cpp
C:\Users\Gaston\Downloads\LeagueDumper-master\LeagueDumper-master\pd\simple.h(14,22): warning C4996: 'std::tr1': warning STL4002: The non-Standard std::tr1 namespace and TR1-only machinery are deprecated and will be REMOVED. You can define _SILENCE_TR1_NAMESPACE_DEPRECATION_WARNING to suppress this warning.
C:\Users\Gaston\Downloads\LeagueDumper-master\LeagueDumper-master\pd\simple.h(32,3): warning C4996: 'strcpy': This function or variable may be unsafe. Consider using strcpy_s instead. To disable deprecation, use _CRT_SECURE_NO_WARNINGS. See online help for details.
C:\Users\Gaston\Downloads\LeagueDumper-master\LeagueDumper-master\pd\simple.h(62,3): warning C4996: 'strcpy': This function or variable may be unsafe. Consider using strcpy_s instead. To disable deprecation, use _CRT_SECURE_NO_WARNINGS. See online help for details.
C:\Users\Gaston\Downloads\LeagueDumper-master\LeagueDumper-master\pd\module_list.h(10,22): warning C4996: 'std::tr1': warning STL4002: The non-Standard std::tr1 namespace and TR1-only machinery are deprecated and will be REMOVED. You can define _SILENCE_TR1_NAMESPACE_DEPRECATION_WARNING to suppress this warning.
C:\Users\Gaston\Downloads\LeagueDumper-master\LeagueDumper-master\pd\module_list.h(44,3): warning C4996: '_snprintf': This function or variable may be unsafe. Consider using _snprintf_s instead. To disable deprecation, use _CRT_SECURE_NO_WARNINGS. See online help for details.
C:\Users\Gaston\Downloads\LeagueDumper-master\LeagueDumper-master\pd\module_list.h(45,3): warning C4996: '_snprintf': This function or variable may be unsafe. Consider using _snprintf_s instead. To disable deprecation, use _CRT_SECURE_NO_WARNINGS. See online help for details.
C:\Users\Gaston\Downloads\LeagueDumper-master\LeagueDumper-master\pd\stream_wrapper.h(40,3): warning C4996: 'strcpy': This function or variable may be unsafe. Consider using strcpy_s instead. To disable deprecation, use _CRT_SECURE_NO_WARNINGS. See online help for details.
C:\Users\Gaston\Downloads\LeagueDumper-master\LeagueDumper-master\pd\stream_wrapper.h(43,8): warning C4996: 'fopen': This function or variable may be unsafe. Consider using fopen_s instead. To disable deprecation, use _CRT_SECURE_NO_WARNINGS. See online help for details.
C:\Users\Gaston\Downloads\LeagueDumper-master\LeagueDumper-master\pd\stream_wrapper.h(92,3): warning C4996: '_splitpath': This function or variable may be unsafe. Consider using _splitpath_s instead. To disable deprecation, use _CRT_SECURE_NO_WARNINGS. See online help for details.
C:\Users\Gaston\Downloads\LeagueDumper-master\LeagueDumper-master\pd\stream_wrapper.h(93,3): warning C4996: 'sprintf': This function or variable may be unsafe. Consider using sprintf_s instead. To disable deprecation, use _CRT_SECURE_NO_WARNINGS. See online help for details.
C:\Users\Gaston\Downloads\LeagueDumper-master\LeagueDumper-master\pd\stream_wrapper.h(174,5): warning C4996: 'strcpy': This function or variable may be unsafe. Consider using strcpy_s instead. To disable deprecation, use _CRT_SECURE_NO_WARNINGS. See online help for details.
C:\Users\Gaston\Downloads\LeagueDumper-master\LeagueDumper-master\pd\stream_wrapper.h(175,5): warning C4996: 'strcpy': This function or variable may be unsafe. Consider using strcpy_s instead. To disable deprecation, use _CRT_SECURE_NO_WARNINGS. See online help for details.
C:\Users\Gaston\Downloads\LeagueDumper-master\LeagueDumper-master\pd\stream_wrapper.h(272,19): warning C4996: 'sprintf': This function or variable may be unsafe. Consider using sprintf_s instead. To disable deprecation, use _CRT_SECURE_NO_WARNINGS. See online help for details.
C:\Users\Gaston\Downloads\LeagueDumper-master\LeagueDumper-master\pd\stream_wrapper.h(421,24): warning C4018: '<': no coinciden signed/unsigned
C:\Users\Gaston\Downloads\LeagueDumper-master\LeagueDumper-master\pd\export_list.h(14,22): warning C4996: 'std::tr1': warning STL4002: The non-Standard std::tr1 namespace and TR1-only machinery are deprecated and will be REMOVED. You can define _SILENCE_TR1_NAMESPACE_DEPRECATION_WARNING to suppress this warning.
C:\Users\Gaston\Downloads\LeagueDumper-master\LeagueDumper-master\pd\pe_imports.h(6,1): warning C4005: 'IMAGE_ORDINAL_FLAG64': redefinición de macro
C:\Program Files (x86)\Windows Kits\10\Include\10.0.22621.0\um\winnt.h(19552,1): message : vea la definición anterior de 'IMAGE_ORDINAL_FLAG64'
C:\Users\Gaston\Downloads\LeagueDumper-master\LeagueDumper-master\pd\pe_header.h(17,22): warning C4996: 'std::tr1': warning STL4002: The non-Standard std::tr1 namespace and TR1-only machinery are deprecated and will be REMOVED. You can define _SILENCE_TR1_NAMESPACE_DEPRECATION_WARNING to suppress this warning.
C:\Users\Gaston\Downloads\LeagueDumper-master\LeagueDumper-master\pd\pe_hash_database.h(21,22): warning C4996: 'std::tr1': warning STL4002: The non-Standard std::tr1 namespace and TR1-only machinery are deprecated and will be REMOVED. You can define _SILENCE_TR1_NAMESPACE_DEPRECATION_WARNING to suppress this warning.
C:\Users\Gaston\Downloads\LeagueDumper-master\LeagueDumper-master\pd\dump_process.h(21,22): warning C4996: 'std::tr1': warning STL4002: The non-Standard std::tr1 namespace and TR1-only machinery are deprecated and will be REMOVED. You can define _SILENCE_TR1_NAMESPACE_DEPRECATION_WARNING to suppress this warning.
C:\Users\Gaston\Downloads\LeagueDumper-master\LeagueDumper-master\pd\pd.cpp(70,22): warning C4018: '<': no coinciden signed/unsigned
C:\Users\Gaston\Downloads\LeagueDumper-master\LeagueDumper-master\pd\pd.cpp(90,7): warning C4101: 'mesg': variable local sin referencia
C:\Users\Gaston\Downloads\LeagueDumper-master\LeagueDumper-master\pd\pd.cpp(384,2): warning C4996: 'sprintf': This function or variable may be unsafe. Consider using sprintf_s instead. To disable deprecation, use _CRT_SECURE_NO_WARNINGS. See online help for details.
C:\Users\Gaston\Downloads\LeagueDumper-master\LeagueDumper-master\pd\pd.cpp(463,19): warning C4996: 'swscanf': This function or variable may be unsafe. Consider using swscanf_s instead. To disable deprecation, use _CRT_SECURE_NO_WARNINGS. See online help for details.
C:\Users\Gaston\Downloads\LeagueDumper-master\LeagueDumper-master\pd\pd.cpp(464,17): warning C4996: 'swscanf': This function or variable may be unsafe. Consider using swscanf_s instead. To disable deprecation, use _CRT_SECURE_NO_WARNINGS. See online help for details.
C:\Users\Gaston\Downloads\LeagueDumper-master\LeagueDumper-master\pd\pd.cpp(505,19): warning C4996: 'swscanf': This function or variable may be unsafe. Consider using swscanf_s instead. To disable deprecation, use _CRT_SECURE_NO_WARNINGS. See online help for details.
C:\Users\Gaston\Downloads\LeagueDumper-master\LeagueDumper-master\pd\pd.cpp(506,17): warning C4996: 'swscanf': This function or variable may be unsafe. Consider using swscanf_s instead. To disable deprecation, use _CRT_SECURE_NO_WARNINGS. See online help for details.
C:\Users\Gaston\Downloads\LeagueDumper-master\LeagueDumper-master\pd\pd.cpp(532,5): warning C4996: 'sprintf': This function or variable may be unsafe. Consider using sprintf_s instead. To disable deprecation, use _CRT_SECURE_NO_WARNINGS. See online help for details.
C:\Users\Gaston\Downloads\LeagueDumper-master\LeagueDumper-master\pd\pd.cpp(566,19): warning C4996: 'swscanf': This function or variable may be unsafe. Consider using swscanf_s instead. To disable deprecation, use _CRT_SECURE_NO_WARNINGS. See online help for details.
C:\Users\Gaston\Downloads\LeagueDumper-master\LeagueDumper-master\pd\pd.cpp(567,17): warning C4996: 'swscanf': This function or variable may be unsafe. Consider using swscanf_s instead. To disable deprecation, use _CRT_SECURE_NO_WARNINGS. See online help for details.
C:\Users\Gaston\Downloads\LeagueDumper-master\LeagueDumper-master\pd\pd.cpp(598,5): warning C4996: 'sprintf': This function or variable may be unsafe. Consider using sprintf_s instead. To disable deprecation, use _CRT_SECURE_NO_WARNINGS. See online help for details.
C:\Users\Gaston\Downloads\LeagueDumper-master\LeagueDumper-master\pd\pd.cpp(616,5): warning C4996: 'sprintf': This function or variable may be unsafe. Consider using sprintf_s instead. To disable deprecation, use _CRT_SECURE_NO_WARNINGS. See online help for details.
C:\Users\Gaston\Downloads\LeagueDumper-master\LeagueDumper-master\pd\pd.cpp(662,7): warning C4996: 'sprintf': This function or variable may be unsafe. Consider using sprintf_s instead. To disable deprecation, use _CRT_SECURE_NO_WARNINGS. See online help for details.
C:\Users\Gaston\Downloads\LeagueDumper-master\LeagueDumper-master\pd\pd.cpp(689,7): warning C4996: 'sprintf': This function or variable may be unsafe. Consider using sprintf_s instead. To disable deprecation, use _CRT_SECURE_NO_WARNINGS. See online help for details.
C:\Users\Gaston\Downloads\LeagueDumper-master\LeagueDumper-master\pd\work_queue.h(80,14): warning C4267: 'inicializando': conversión de 'size_t' a 'int'; posible pérdida de datos
C:\Users\Gaston\Downloads\LeagueDumper-master\LeagueDumper-master\pd\work_queue.h(77,7): message : al compilar la función del miembro clase plantilla "int Queue<PROCESSENTRY32W>::count(void)"
C:\Users\Gaston\Downloads\LeagueDumper-master\LeagueDumper-master\pd\pd.cpp(195,22): message : vea la primera referencia a “Queue<PROCESSENTRY32W>::count” en “add_system_hashes”
C:\Users\Gaston\Downloads\LeagueDumper-master\LeagueDumper-master\pd\pd.cpp(129,20): message : Vea la referencia a la creación de una instancia de clase plantilla "Queue<PROCESSENTRY32W>" que se está compilando
  pe_exports.cpp
  pe_hash_database.cpp
C:\Users\Gaston\Downloads\LeagueDumper-master\LeagueDumper-master\pd\simple.h(14,22): warning C4996: 'std::tr1': warning STL4002: The non-Standard std::tr1 namespace and TR1-only machinery are deprecated and will be REMOVED. You can define _SILENCE_TR1_NAMESPACE_DEPRECATION_WARNING to suppress this warning.
C:\Users\Gaston\Downloads\LeagueDumper-master\LeagueDumper-master\pd\simple.h(32,3): warning C4996: 'strcpy': This function or variable may be unsafe. Consider using strcpy_s instead. To disable deprecation, use _CRT_SECURE_NO_WARNINGS. See online help for details.
C:\Users\Gaston\Downloads\LeagueDumper-master\LeagueDumper-master\pd\simple.h(62,3): warning C4996: 'strcpy': This function or variable may be unsafe. Consider using strcpy_s instead. To disable deprecation, use _CRT_SECURE_NO_WARNINGS. See online help for details.
C:\Users\Gaston\Downloads\LeagueDumper-master\LeagueDumper-master\pd\module_list.h(10,22): warning C4996: 'std::tr1': warning STL4002: The non-Standard std::tr1 namespace and TR1-only machinery are deprecated and will be REMOVED. You can define _SILENCE_TR1_NAMESPACE_DEPRECATION_WARNING to suppress this warning.
C:\Users\Gaston\Downloads\LeagueDumper-master\LeagueDumper-master\pd\module_list.h(44,3): warning C4996: '_snprintf': This function or variable may be unsafe. Consider using _snprintf_s instead. To disable deprecation, use _CRT_SECURE_NO_WARNINGS. See online help for details.
C:\Users\Gaston\Downloads\LeagueDumper-master\LeagueDumper-master\pd\module_list.h(45,3): warning C4996: '_snprintf': This function or variable may be unsafe. Consider using _snprintf_s instead. To disable deprecation, use _CRT_SECURE_NO_WARNINGS. See online help for details.
C:\Users\Gaston\Downloads\LeagueDumper-master\LeagueDumper-master\pd\stream_wrapper.h(40,3): warning C4996: 'strcpy': This function or variable may be unsafe. Consider using strcpy_s instead. To disable deprecation, use _CRT_SECURE_NO_WARNINGS. See online help for details.
C:\Users\Gaston\Downloads\LeagueDumper-master\LeagueDumper-master\pd\stream_wrapper.h(43,8): warning C4996: 'fopen': This function or variable may be unsafe. Consider using fopen_s instead. To disable deprecation, use _CRT_SECURE_NO_WARNINGS. See online help for details.
C:\Users\Gaston\Downloads\LeagueDumper-master\LeagueDumper-master\pd\stream_wrapper.h(92,3): warning C4996: '_splitpath': This function or variable may be unsafe. Consider using _splitpath_s instead. To disable deprecation, use _CRT_SECURE_NO_WARNINGS. See online help for details.
C:\Users\Gaston\Downloads\LeagueDumper-master\LeagueDumper-master\pd\stream_wrapper.h(93,3): warning C4996: 'sprintf': This function or variable may be unsafe. Consider using sprintf_s instead. To disable deprecation, use _CRT_SECURE_NO_WARNINGS. See online help for details.
C:\Users\Gaston\Downloads\LeagueDumper-master\LeagueDumper-master\pd\stream_wrapper.h(174,5): warning C4996: 'strcpy': This function or variable may be unsafe. Consider using strcpy_s instead. To disable deprecation, use _CRT_SECURE_NO_WARNINGS. See online help for details.
C:\Users\Gaston\Downloads\LeagueDumper-master\LeagueDumper-master\pd\stream_wrapper.h(175,5): warning C4996: 'strcpy': This function or variable may be unsafe. Consider using strcpy_s instead. To disable deprecation, use _CRT_SECURE_NO_WARNINGS. See online help for details.
C:\Users\Gaston\Downloads\LeagueDumper-master\LeagueDumper-master\pd\stream_wrapper.h(272,19): warning C4996: 'sprintf': This function or variable may be unsafe. Consider using sprintf_s instead. To disable deprecation, use _CRT_SECURE_NO_WARNINGS. See online help for details.
C:\Users\Gaston\Downloads\LeagueDumper-master\LeagueDumper-master\pd\stream_wrapper.h(421,24): warning C4018: '<': no coinciden signed/unsigned
C:\Users\Gaston\Downloads\LeagueDumper-master\LeagueDumper-master\pd\export_list.h(14,22): warning C4996: 'std::tr1': warning STL4002: The non-Standard std::tr1 namespace and TR1-only machinery are deprecated and will be REMOVED. You can define _SILENCE_TR1_NAMESPACE_DEPRECATION_WARNING to suppress this warning.
C:\Users\Gaston\Downloads\LeagueDumper-master\LeagueDumper-master\pd\pe_imports.h(6,1): warning C4005: 'IMAGE_ORDINAL_FLAG64': redefinición de macro
C:\Program Files (x86)\Windows Kits\10\Include\10.0.22621.0\um\winnt.h(19552,1): message : vea la definición anterior de 'IMAGE_ORDINAL_FLAG64'
C:\Users\Gaston\Downloads\LeagueDumper-master\LeagueDumper-master\pd\pe_header.h(17,22): warning C4996: 'std::tr1': warning STL4002: The non-Standard std::tr1 namespace and TR1-only machinery are deprecated and will be REMOVED. You can define _SILENCE_TR1_NAMESPACE_DEPRECATION_WARNING to suppress this warning.
C:\Users\Gaston\Downloads\LeagueDumper-master\LeagueDumper-master\pd\pe_hash_database.h(21,22): warning C4996: 'std::tr1': warning STL4002: The non-Standard std::tr1 namespace and TR1-only machinery are deprecated and will be REMOVED. You can define _SILENCE_TR1_NAMESPACE_DEPRECATION_WARNING to suppress this warning.
C:\Users\Gaston\Downloads\LeagueDumper-master\LeagueDumper-master\pd\pe_hash_database.cpp(23,2): warning C4996: 'strcpy': This function or variable may be unsafe. Consider using strcpy_s instead. To disable deprecation, use _CRT_SECURE_NO_WARNINGS. See online help for details.
C:\Users\Gaston\Downloads\LeagueDumper-master\LeagueDumper-master\pd\pe_hash_database.cpp(43,10): warning C4477: 'printf' : la cadena de formato '%i' requiere un argumento de tipo 'int', pero el argumento variádico 1 tiene el tipo 'unsigned __int64'
C:\Users\Gaston\Downloads\LeagueDumper-master\LeagueDumper-master\pd\pe_hash_database.cpp(43,10): message : considere el uso de ' %zi' en la cadena de formato
C:\Users\Gaston\Downloads\LeagueDumper-master\LeagueDumper-master\pd\pe_hash_database.cpp(29,13): warning C4996: 'fopen': This function or variable may be unsafe. Consider using fopen_s instead. To disable deprecation, use _CRT_SECURE_NO_WARNINGS. See online help for details.
C:\Users\Gaston\Downloads\LeagueDumper-master\LeagueDumper-master\pd\pe_hash_database.cpp(65,13): warning C4267: 'inicializando': conversión de 'size_t' a 'int'; posible pérdida de datos
C:\Users\Gaston\Downloads\LeagueDumper-master\LeagueDumper-master\pd\pe_hash_database.cpp(142,20): warning C4267: 'inicializando': conversión de 'size_t' a 'int'; posible pérdida de datos
C:\Users\Gaston\Downloads\LeagueDumper-master\LeagueDumper-master\pd\pe_hash_database.cpp(171,23): warning C4477: 'fprintf' : la cadena de formato '%i' requiere un argumento de tipo 'int', pero el argumento variádico 1 tiene el tipo 'size_t'
C:\Users\Gaston\Downloads\LeagueDumper-master\LeagueDumper-master\pd\pe_hash_database.cpp(171,23): message : considere el uso de ' %zi' en la cadena de formato
C:\Users\Gaston\Downloads\LeagueDumper-master\LeagueDumper-master\pd\pe_hash_database.cpp(145,9): warning C4996: 'sprintf': This function or variable may be unsafe. Consider using sprintf_s instead. To disable deprecation, use _CRT_SECURE_NO_WARNINGS. See online help for details.
C:\Users\Gaston\Downloads\LeagueDumper-master\LeagueDumper-master\pd\pe_hash_database.cpp(148,20): warning C4996: 'fopen': This function or variable may be unsafe. Consider using fopen_s instead. To disable deprecation, use _CRT_SECURE_NO_WARNINGS. See online help for details.
C:\Users\Gaston\Downloads\LeagueDumper-master\LeagueDumper-master\pd\pe_hash_database.cpp(162,70): warning C4996: 'strerror': This function or variable may be unsafe. Consider using strerror_s instead. To disable deprecation, use _CRT_SECURE_NO_WARNINGS. See online help for details.
C:\Users\Gaston\Downloads\LeagueDumper-master\LeagueDumper-master\pd\pe_hash_database.cpp(171,110): warning C4996: 'strerror': This function or variable may be unsafe. Consider using strerror_s instead. To disable deprecation, use _CRT_SECURE_NO_WARNINGS. See online help for details.
C:\Users\Gaston\Downloads\LeagueDumper-master\LeagueDumper-master\pd\pe_hash_database.cpp(178,80): warning C4996: 'strerror': This function or variable may be unsafe. Consider using strerror_s instead. To disable deprecation, use _CRT_SECURE_NO_WARNINGS. See online help for details.
C:\Users\Gaston\Downloads\LeagueDumper-master\LeagueDumper-master\pd\pe_hash_database.cpp(228,18): warning C4267: 'inicializando': conversión de 'size_t' a 'int'; posible pérdida de datos
C:\Users\Gaston\Downloads\LeagueDumper-master\LeagueDumper-master\pd\pe_hash_database.cpp(256,21): warning C4477: 'fprintf' : la cadena de formato '%i' requiere un argumento de tipo 'int', pero el argumento variádico 1 tiene el tipo 'size_t'
C:\Users\Gaston\Downloads\LeagueDumper-master\LeagueDumper-master\pd\pe_hash_database.cpp(256,21): message : considere el uso de ' %zi' en la cadena de formato
C:\Users\Gaston\Downloads\LeagueDumper-master\LeagueDumper-master\pd\pe_hash_database.cpp(216,7): warning C4996: 'sprintf': This function or variable may be unsafe. Consider using sprintf_s instead. To disable deprecation, use _CRT_SECURE_NO_WARNINGS. See online help for details.
C:\Users\Gaston\Downloads\LeagueDumper-master\LeagueDumper-master\pd\pe_hash_database.cpp(231,7): warning C4996: 'sprintf': This function or variable may be unsafe. Consider using sprintf_s instead. To disable deprecation, use _CRT_SECURE_NO_WARNINGS. See online help for details.
C:\Users\Gaston\Downloads\LeagueDumper-master\LeagueDumper-master\pd\pe_hash_database.cpp(234,18): warning C4996: 'fopen': This function or variable may be unsafe. Consider using fopen_s instead. To disable deprecation, use _CRT_SECURE_NO_WARNINGS. See online help for details.
C:\Users\Gaston\Downloads\LeagueDumper-master\LeagueDumper-master\pd\pe_hash_database.cpp(247,68): warning C4996: 'strerror': This function or variable may be unsafe. Consider using strerror_s instead. To disable deprecation, use _CRT_SECURE_NO_WARNINGS. See online help for details.
C:\Users\Gaston\Downloads\LeagueDumper-master\LeagueDumper-master\pd\pe_hash_database.cpp(256,108): warning C4996: 'strerror': This function or variable may be unsafe. Consider using strerror_s instead. To disable deprecation, use _CRT_SECURE_NO_WARNINGS. See online help for details.
C:\Users\Gaston\Downloads\LeagueDumper-master\LeagueDumper-master\pd\pe_hash_database.cpp(262,78): warning C4996: 'strerror': This function or variable may be unsafe. Consider using strerror_s instead. To disable deprecation, use _CRT_SECURE_NO_WARNINGS. See online help for details.
C:\Users\Gaston\Downloads\LeagueDumper-master\LeagueDumper-master\pd\pe_hash_database.cpp(367,10): warning C4477: 'printf' : la cadena de formato '%i' requiere un argumento de tipo 'int', pero el argumento variádico 1 tiene el tipo 'unsigned __int64'
C:\Users\Gaston\Downloads\LeagueDumper-master\LeagueDumper-master\pd\pe_hash_database.cpp(367,10): message : considere el uso de ' %zi' en la cadena de formato
C:\Users\Gaston\Downloads\LeagueDumper-master\LeagueDumper-master\pd\pe_hash_database.cpp(352,13): warning C4996: 'fopen': This function or variable may be unsafe. Consider using fopen_s instead. To disable deprecation, use _CRT_SECURE_NO_WARNINGS. See online help for details.
  pe_header.cpp
C:\Users\Gaston\Downloads\LeagueDumper-master\LeagueDumper-master\pd\simple.h(14,22): warning C4996: 'std::tr1': warning STL4002: The non-Standard std::tr1 namespace and TR1-only machinery are deprecated and will be REMOVED. You can define _SILENCE_TR1_NAMESPACE_DEPRECATION_WARNING to suppress this warning.
C:\Users\Gaston\Downloads\LeagueDumper-master\LeagueDumper-master\pd\simple.h(32,3): warning C4996: 'strcpy': This function or variable may be unsafe. Consider using strcpy_s instead. To disable deprecation, use _CRT_SECURE_NO_WARNINGS. See online help for details.
C:\Users\Gaston\Downloads\LeagueDumper-master\LeagueDumper-master\pd\simple.h(62,3): warning C4996: 'strcpy': This function or variable may be unsafe. Consider using strcpy_s instead. To disable deprecation, use _CRT_SECURE_NO_WARNINGS. See online help for details.
C:\Users\Gaston\Downloads\LeagueDumper-master\LeagueDumper-master\pd\module_list.h(10,22): warning C4996: 'std::tr1': warning STL4002: The non-Standard std::tr1 namespace and TR1-only machinery are deprecated and will be REMOVED. You can define _SILENCE_TR1_NAMESPACE_DEPRECATION_WARNING to suppress this warning.
C:\Users\Gaston\Downloads\LeagueDumper-master\LeagueDumper-master\pd\module_list.h(44,3): warning C4996: '_snprintf': This function or variable may be unsafe. Consider using _snprintf_s instead. To disable deprecation, use _CRT_SECURE_NO_WARNINGS. See online help for details.
C:\Users\Gaston\Downloads\LeagueDumper-master\LeagueDumper-master\pd\module_list.h(45,3): warning C4996: '_snprintf': This function or variable may be unsafe. Consider using _snprintf_s instead. To disable deprecation, use _CRT_SECURE_NO_WARNINGS. See online help for details.
C:\Users\Gaston\Downloads\LeagueDumper-master\LeagueDumper-master\pd\stream_wrapper.h(40,3): warning C4996: 'strcpy': This function or variable may be unsafe. Consider using strcpy_s instead. To disable deprecation, use _CRT_SECURE_NO_WARNINGS. See online help for details.
C:\Users\Gaston\Downloads\LeagueDumper-master\LeagueDumper-master\pd\stream_wrapper.h(43,8): warning C4996: 'fopen': This function or variable may be unsafe. Consider using fopen_s instead. To disable deprecation, use _CRT_SECURE_NO_WARNINGS. See online help for details.
C:\Users\Gaston\Downloads\LeagueDumper-master\LeagueDumper-master\pd\stream_wrapper.h(92,3): warning C4996: '_splitpath': This function or variable may be unsafe. Consider using _splitpath_s instead. To disable deprecation, use _CRT_SECURE_NO_WARNINGS. See online help for details.
C:\Users\Gaston\Downloads\LeagueDumper-master\LeagueDumper-master\pd\stream_wrapper.h(93,3): warning C4996: 'sprintf': This function or variable may be unsafe. Consider using sprintf_s instead. To disable deprecation, use _CRT_SECURE_NO_WARNINGS. See online help for details.
C:\Users\Gaston\Downloads\LeagueDumper-master\LeagueDumper-master\pd\stream_wrapper.h(174,5): warning C4996: 'strcpy': This function or variable may be unsafe. Consider using strcpy_s instead. To disable deprecation, use _CRT_SECURE_NO_WARNINGS. See online help for details.
C:\Users\Gaston\Downloads\LeagueDumper-master\LeagueDumper-master\pd\stream_wrapper.h(175,5): warning C4996: 'strcpy': This function or variable may be unsafe. Consider using strcpy_s instead. To disable deprecation, use _CRT_SECURE_NO_WARNINGS. See online help for details.
C:\Users\Gaston\Downloads\LeagueDumper-master\LeagueDumper-master\pd\stream_wrapper.h(272,19): warning C4996: 'sprintf': This function or variable may be unsafe. Consider using sprintf_s instead. To disable deprecation, use _CRT_SECURE_NO_WARNINGS. See online help for details.
C:\Users\Gaston\Downloads\LeagueDumper-master\LeagueDumper-master\pd\stream_wrapper.h(421,24): warning C4018: '<': no coinciden signed/unsigned
C:\Users\Gaston\Downloads\LeagueDumper-master\LeagueDumper-master\pd\export_list.h(14,22): warning C4996: 'std::tr1': warning STL4002: The non-Standard std::tr1 namespace and TR1-only machinery are deprecated and will be REMOVED. You can define _SILENCE_TR1_NAMESPACE_DEPRECATION_WARNING to suppress this warning.
C:\Users\Gaston\Downloads\LeagueDumper-master\LeagueDumper-master\pd\pe_imports.h(6,1): warning C4005: 'IMAGE_ORDINAL_FLAG64': redefinición de macro
C:\Program Files (x86)\Windows Kits\10\Include\10.0.22621.0\um\winnt.h(19552,1): message : vea la definición anterior de 'IMAGE_ORDINAL_FLAG64'
C:\Users\Gaston\Downloads\LeagueDumper-master\LeagueDumper-master\pd\pe_header.h(17,22): warning C4996: 'std::tr1': warning STL4002: The non-Standard std::tr1 namespace and TR1-only machinery are deprecated and will be REMOVED. You can define _SILENCE_TR1_NAMESPACE_DEPRECATION_WARNING to suppress this warning.
C:\Users\Gaston\Downloads\LeagueDumper-master\LeagueDumper-master\pd\pe_header.cpp(359,14): warning C4996: 'fopen': This function or variable may be unsafe. Consider using fopen_s instead. To disable deprecation, use _CRT_SECURE_NO_WARNINGS. See online help for details.
C:\Users\Gaston\Downloads\LeagueDumper-master\LeagueDumper-master\pd\pe_header.cpp(405,34): warning C4018: '<': no coinciden signed/unsigned
C:\Users\Gaston\Downloads\LeagueDumper-master\LeagueDumper-master\pd\pe_header.cpp(436,28): warning C4267: 'argumento': conversión de 'size_t' a 'unsigned int'; posible pérdida de datos
C:\Users\Gaston\Downloads\LeagueDumper-master\LeagueDumper-master\pd\pe_header.cpp(438,29): warning C4267: 'argumento': conversión de 'size_t' a 'unsigned int'; posible pérdida de datos
C:\Users\Gaston\Downloads\LeagueDumper-master\LeagueDumper-master\pd\pe_header.cpp(471,28): warning C4267: 'argumento': conversión de 'size_t' a 'unsigned int'; posible pérdida de datos
C:\Users\Gaston\Downloads\LeagueDumper-master\LeagueDumper-master\pd\pe_header.cpp(473,29): warning C4267: 'argumento': conversión de 'size_t' a 'unsigned int'; posible pérdida de datos
C:\Users\Gaston\Downloads\LeagueDumper-master\LeagueDumper-master\pd\pe_header.cpp(487,11): warning C4477: 'printf' : la cadena de formato '%i' requiere un argumento de tipo 'int', pero el argumento variádico 1 tiene el tipo 'size_t'
C:\Users\Gaston\Downloads\LeagueDumper-master\LeagueDumper-master\pd\pe_header.cpp(487,11): message : considere el uso de ' %zi' en la cadena de formato
C:\Users\Gaston\Downloads\LeagueDumper-master\LeagueDumper-master\pd\pe_header.cpp(488,11): warning C4477: 'printf' : la cadena de formato '%i' requiere un argumento de tipo 'int', pero el argumento variádico 1 tiene el tipo 'size_t'
C:\Users\Gaston\Downloads\LeagueDumper-master\LeagueDumper-master\pd\pe_header.cpp(488,11): message : considere el uso de ' %zi' en la cadena de formato
C:\Users\Gaston\Downloads\LeagueDumper-master\LeagueDumper-master\pd\pe_header.cpp(567,44): warning C4311: 'conversión de tipo': truncamiento de puntero de 'void *' a 'DWORD'
C:\Users\Gaston\Downloads\LeagueDumper-master\LeagueDumper-master\pd\pe_header.cpp(567,44): warning C4302: 'conversión de tipo': truncamiento de 'void *' a 'DWORD'
C:\Users\Gaston\Downloads\LeagueDumper-master\LeagueDumper-master\pd\pe_header.cpp(649,41): warning C4244: 'argumento': conversión de '__int64' a 'long'; posible pérdida de datos
C:\Users\Gaston\Downloads\LeagueDumper-master\LeagueDumper-master\pd\pe_header.cpp(651,54): warning C4244: 'argumento': conversión de '__int64' a 'long'; posible pérdida de datos
C:\Users\Gaston\Downloads\LeagueDumper-master\LeagueDumper-master\pd\pe_header.cpp(653,55): warning C4244: '=': conversión de '__int64' a 'DWORD'; posible pérdida de datos
C:\Users\Gaston\Downloads\LeagueDumper-master\LeagueDumper-master\pd\pe_header.cpp(654,52): warning C4244: '=': conversión de '__int64' a 'DWORD'; posible pérdida de datos
C:\Users\Gaston\Downloads\LeagueDumper-master\LeagueDumper-master\pd\pe_header.cpp(655,53): warning C4244: '=': conversión de '__int64' a 'DWORD'; posible pérdida de datos
C:\Users\Gaston\Downloads\LeagueDumper-master\LeagueDumper-master\pd\pe_header.cpp(656,59): warning C4244: '=': conversión de '__int64' a 'DWORD'; posible pérdida de datos
C:\Users\Gaston\Downloads\LeagueDumper-master\LeagueDumper-master\pd\pe_header.cpp(657,55): warning C4244: '=': conversión de '__int64' a 'DWORD'; posible pérdida de datos
C:\Users\Gaston\Downloads\LeagueDumper-master\LeagueDumper-master\pd\pe_header.cpp(667,12): warning C4477: 'printf' : la cadena de formato '%x' requiere un argumento de tipo 'unsigned int', pero el argumento variádico 2 tiene el tipo '__int64'
C:\Users\Gaston\Downloads\LeagueDumper-master\LeagueDumper-master\pd\pe_header.cpp(667,12): message : considere el uso de ' %llx' en la cadena de formato
C:\Users\Gaston\Downloads\LeagueDumper-master\LeagueDumper-master\pd\pe_header.cpp(667,12): message : considere el uso de ' %Ix' en la cadena de formato
C:\Users\Gaston\Downloads\LeagueDumper-master\LeagueDumper-master\pd\pe_header.cpp(667,12): message : considere el uso de ' %I64x' en la cadena de formato
C:\Users\Gaston\Downloads\LeagueDumper-master\LeagueDumper-master\pd\pe_header.cpp(677,47): warning C4244: '=': conversión de '__int64' a 'DWORD'; posible pérdida de datos
C:\Users\Gaston\Downloads\LeagueDumper-master\LeagueDumper-master\pd\pe_header.cpp(682,47): warning C4244: '=': conversión de '__int64' a 'DWORD'; posible pérdida de datos
C:\Users\Gaston\Downloads\LeagueDumper-master\LeagueDumper-master\pd\pe_header.cpp(801,22): warning C4477: 'fprintf' : la cadena de formato '%x' requiere un argumento de tipo 'unsigned int', pero el argumento variádico 4 tiene el tipo 'size_t'
C:\Users\Gaston\Downloads\LeagueDumper-master\LeagueDumper-master\pd\pe_header.cpp(801,22): message : considere el uso de ' %zx' en la cadena de formato
C:\Users\Gaston\Downloads\LeagueDumper-master\LeagueDumper-master\pd\pe_header.cpp(807,104): warning C4267: '=': conversión de 'size_t' a 'WORD'; posible pérdida de datos
C:\Users\Gaston\Downloads\LeagueDumper-master\LeagueDumper-master\pd\pe_header.cpp(864,19): warning C4018: '>': no coinciden signed/unsigned
C:\Users\Gaston\Downloads\LeagueDumper-master\LeagueDumper-master\pd\pe_header.cpp(894,24): warning C4477: 'fprintf' : la cadena de formato '%x' requiere un argumento de tipo 'unsigned int', pero el argumento variádico 4 tiene el tipo 'SIZE_T'
C:\Users\Gaston\Downloads\LeagueDumper-master\LeagueDumper-master\pd\pe_header.cpp(894,24): message : considere el uso de ' %llx' en la cadena de formato
C:\Users\Gaston\Downloads\LeagueDumper-master\LeagueDumper-master\pd\pe_header.cpp(894,24): message : considere el uso de ' %Ix' en la cadena de formato
C:\Users\Gaston\Downloads\LeagueDumper-master\LeagueDumper-master\pd\pe_header.cpp(894,24): message : considere el uso de ' %I64x' en la cadena de formato
C:\Users\Gaston\Downloads\LeagueDumper-master\LeagueDumper-master\pd\pe_header.cpp(923,26): warning C4477: 'fprintf' : la cadena de formato '%x' requiere un argumento de tipo 'unsigned int', pero el argumento variádico 5 tiene el tipo 'SIZE_T'
C:\Users\Gaston\Downloads\LeagueDumper-master\LeagueDumper-master\pd\pe_header.cpp(923,26): message : considere el uso de ' %llx' en la cadena de formato
C:\Users\Gaston\Downloads\LeagueDumper-master\LeagueDumper-master\pd\pe_header.cpp(923,26): message : considere el uso de ' %Ix' en la cadena de formato
C:\Users\Gaston\Downloads\LeagueDumper-master\LeagueDumper-master\pd\pe_header.cpp(923,26): message : considere el uso de ' %I64x' en la cadena de formato
C:\Users\Gaston\Downloads\LeagueDumper-master\LeagueDumper-master\pd\pe_header.cpp(938,23): warning C4477: 'fprintf' : la cadena de formato '%x' requiere un argumento de tipo 'unsigned int', pero el argumento variádico 4 tiene el tipo 'SIZE_T'
C:\Users\Gaston\Downloads\LeagueDumper-master\LeagueDumper-master\pd\pe_header.cpp(938,23): message : considere el uso de ' %llx' en la cadena de formato
C:\Users\Gaston\Downloads\LeagueDumper-master\LeagueDumper-master\pd\pe_header.cpp(938,23): message : considere el uso de ' %Ix' en la cadena de formato
C:\Users\Gaston\Downloads\LeagueDumper-master\LeagueDumper-master\pd\pe_header.cpp(938,23): message : considere el uso de ' %I64x' en la cadena de formato
C:\Users\Gaston\Downloads\LeagueDumper-master\LeagueDumper-master\pd\pe_header.cpp(938,23): warning C4477: 'fprintf' : la cadena de formato '%x' requiere un argumento de tipo 'unsigned int', pero el argumento variádico 5 tiene el tipo 'SIZE_T'
C:\Users\Gaston\Downloads\LeagueDumper-master\LeagueDumper-master\pd\pe_header.cpp(938,23): message : considere el uso de ' %llx' en la cadena de formato
C:\Users\Gaston\Downloads\LeagueDumper-master\LeagueDumper-master\pd\pe_header.cpp(938,23): message : considere el uso de ' %Ix' en la cadena de formato
C:\Users\Gaston\Downloads\LeagueDumper-master\LeagueDumper-master\pd\pe_header.cpp(938,23): message : considere el uso de ' %I64x' en la cadena de formato
C:\Users\Gaston\Downloads\LeagueDumper-master\LeagueDumper-master\pd\pe_header.cpp(973,22): warning C4477: 'fprintf' : la cadena de formato '%x' requiere un argumento de tipo 'unsigned int', pero el argumento variádico 4 tiene el tipo 'size_t'
C:\Users\Gaston\Downloads\LeagueDumper-master\LeagueDumper-master\pd\pe_header.cpp(973,22): message : considere el uso de ' %zx' en la cadena de formato
C:\Users\Gaston\Downloads\LeagueDumper-master\LeagueDumper-master\pd\pe_header.cpp(979,104): warning C4267: '=': conversión de 'size_t' a 'WORD'; posible pérdida de datos
C:\Users\Gaston\Downloads\LeagueDumper-master\LeagueDumper-master\pd\pe_header.cpp(1032,19): warning C4018: '>': no coinciden signed/unsigned
C:\Users\Gaston\Downloads\LeagueDumper-master\LeagueDumper-master\pd\pe_header.cpp(1062,24): warning C4477: 'fprintf' : la cadena de formato '%x' requiere un argumento de tipo 'unsigned int', pero el argumento variádico 4 tiene el tipo 'SIZE_T'
C:\Users\Gaston\Downloads\LeagueDumper-master\LeagueDumper-master\pd\pe_header.cpp(1062,24): message : considere el uso de ' %llx' en la cadena de formato
C:\Users\Gaston\Downloads\LeagueDumper-master\LeagueDumper-master\pd\pe_header.cpp(1062,24): message : considere el uso de ' %Ix' en la cadena de formato
C:\Users\Gaston\Downloads\LeagueDumper-master\LeagueDumper-master\pd\pe_header.cpp(1062,24): message : considere el uso de ' %I64x' en la cadena de formato
C:\Users\Gaston\Downloads\LeagueDumper-master\LeagueDumper-master\pd\pe_header.cpp(1091,26): warning C4477: 'fprintf' : la cadena de formato '%x' requiere un argumento de tipo 'unsigned int', pero el argumento variádico 5 tiene el tipo 'SIZE_T'
C:\Users\Gaston\Downloads\LeagueDumper-master\LeagueDumper-master\pd\pe_header.cpp(1091,26): message : considere el uso de ' %llx' en la cadena de formato
C:\Users\Gaston\Downloads\LeagueDumper-master\LeagueDumper-master\pd\pe_header.cpp(1091,26): message : considere el uso de ' %Ix' en la cadena de formato
C:\Users\Gaston\Downloads\LeagueDumper-master\LeagueDumper-master\pd\pe_header.cpp(1091,26): message : considere el uso de ' %I64x' en la cadena de formato
C:\Users\Gaston\Downloads\LeagueDumper-master\LeagueDumper-master\pd\pe_header.cpp(1106,23): warning C4477: 'fprintf' : la cadena de formato '%x' requiere un argumento de tipo 'unsigned int', pero el argumento variádico 4 tiene el tipo 'SIZE_T'
C:\Users\Gaston\Downloads\LeagueDumper-master\LeagueDumper-master\pd\pe_header.cpp(1106,23): message : considere el uso de ' %llx' en la cadena de formato
C:\Users\Gaston\Downloads\LeagueDumper-master\LeagueDumper-master\pd\pe_header.cpp(1106,23): message : considere el uso de ' %Ix' en la cadena de formato
C:\Users\Gaston\Downloads\LeagueDumper-master\LeagueDumper-master\pd\pe_header.cpp(1106,23): message : considere el uso de ' %I64x' en la cadena de formato
C:\Users\Gaston\Downloads\LeagueDumper-master\LeagueDumper-master\pd\pe_header.cpp(1106,23): warning C4477: 'fprintf' : la cadena de formato '%x' requiere un argumento de tipo 'unsigned int', pero el argumento variádico 5 tiene el tipo 'SIZE_T'
C:\Users\Gaston\Downloads\LeagueDumper-master\LeagueDumper-master\pd\pe_header.cpp(1106,23): message : considere el uso de ' %llx' en la cadena de formato
C:\Users\Gaston\Downloads\LeagueDumper-master\LeagueDumper-master\pd\pe_header.cpp(1106,23): message : considere el uso de ' %Ix' en la cadena de formato
C:\Users\Gaston\Downloads\LeagueDumper-master\LeagueDumper-master\pd\pe_header.cpp(1106,23): message : considere el uso de ' %I64x' en la cadena de formato
C:\Users\Gaston\Downloads\LeagueDumper-master\LeagueDumper-master\pd\pe_header.cpp(1147,36): warning C4018: '<': no coinciden signed/unsigned
C:\Users\Gaston\Downloads\LeagueDumper-master\LeagueDumper-master\pd\pe_header.cpp(1179,184): warning C4244: '=': conversión de '__int64' a 'DWORD'; posible pérdida de datos
C:\Users\Gaston\Downloads\LeagueDumper-master\LeagueDumper-master\pd\pe_header.cpp(1197,115): warning C4244: '=': conversión de '__int64' a 'DWORD'; posible pérdida de datos
C:\Users\Gaston\Downloads\LeagueDumper-master\LeagueDumper-master\pd\pe_header.cpp(1198,85): warning C4244: '=': conversión de '__int64' a 'DWORD'; posible pérdida de datos
C:\Users\Gaston\Downloads\LeagueDumper-master\LeagueDumper-master\pd\pe_header.cpp(1213,46): warning C4311: 'conversión de tipo': truncamiento de puntero de 'void *' a 'DWORD'
C:\Users\Gaston\Downloads\LeagueDumper-master\LeagueDumper-master\pd\pe_header.cpp(1213,46): warning C4302: 'conversión de tipo': truncamiento de 'void *' a 'DWORD'
C:\Users\Gaston\Downloads\LeagueDumper-master\LeagueDumper-master\pd\pe_header.cpp(1262,21): warning C4244: 'inicializando': conversión de '__int64' a 'DWORD'; posible pérdida de datos
C:\Users\Gaston\Downloads\LeagueDumper-master\LeagueDumper-master\pd\pe_header.cpp(1363,36): warning C4018: '<': no coinciden signed/unsigned
C:\Users\Gaston\Downloads\LeagueDumper-master\LeagueDumper-master\pd\pe_header.cpp(1395,184): warning C4244: '=': conversión de '__int64' a 'DWORD'; posible pérdida de datos
C:\Users\Gaston\Downloads\LeagueDumper-master\LeagueDumper-master\pd\pe_header.cpp(1414,115): warning C4244: '=': conversión de '__int64' a 'DWORD'; posible pérdida de datos
C:\Users\Gaston\Downloads\LeagueDumper-master\LeagueDumper-master\pd\pe_header.cpp(1415,85): warning C4244: '=': conversión de '__int64' a 'DWORD'; posible pérdida de datos
C:\Users\Gaston\Downloads\LeagueDumper-master\LeagueDumper-master\pd\pe_header.cpp(1481,21): warning C4244: 'inicializando': conversión de '__int64' a 'DWORD'; posible pérdida de datos
  pe_imports.cpp
C:\Users\Gaston\Downloads\LeagueDumper-master\LeagueDumper-master\pd\pe_imports.h(6,1): warning C4005: 'IMAGE_ORDINAL_FLAG64': redefinición de macro
C:\Program Files (x86)\Windows Kits\10\Include\10.0.22621.0\um\winnt.h(19552,1): message : vea la definición anterior de 'IMAGE_ORDINAL_FLAG64'
C:\Users\Gaston\Downloads\LeagueDumper-master\LeagueDumper-master\pd\pe_imports.cpp(17,20): warning C4018: '<': no coinciden signed/unsigned
C:\Users\Gaston\Downloads\LeagueDumper-master\LeagueDumper-master\pd\pe_imports.cpp(28,20): warning C4018: '<': no coinciden signed/unsigned
C:\Users\Gaston\Downloads\LeagueDumper-master\LeagueDumper-master\pd\pe_imports.cpp(109,28): warning C4244: '=': conversión de '__int64' a 'DWORD'; posible pérdida de datos
C:\Users\Gaston\Downloads\LeagueDumper-master\LeagueDumper-master\pd\pe_imports.cpp(114,2): warning C4996: 'strcpy': This function or variable may be unsafe. Consider using strcpy_s instead. To disable deprecation, use _CRT_SECURE_NO_WARNINGS. See online help for details.
C:\Users\Gaston\Downloads\LeagueDumper-master\LeagueDumper-master\pd\pe_imports.cpp(131,28): warning C4244: '=': conversión de '__int64' a 'DWORD'; posible pérdida de datos
C:\Users\Gaston\Downloads\LeagueDumper-master\LeagueDumper-master\pd\pe_imports.cpp(135,2): warning C4996: 'strcpy': This function or variable may be unsafe. Consider using strcpy_s instead. To disable deprecation, use _CRT_SECURE_NO_WARNINGS. See online help for details.
C:\Users\Gaston\Downloads\LeagueDumper-master\LeagueDumper-master\pd\pe_imports.cpp(142,43): warning C4267: '=': conversión de 'size_t' a 'int'; posible pérdida de datos
C:\Users\Gaston\Downloads\LeagueDumper-master\LeagueDumper-master\pd\pe_imports.cpp(143,2): warning C4996: 'strcpy': This function or variable may be unsafe. Consider using strcpy_s instead. To disable deprecation, use _CRT_SECURE_NO_WARNINGS. See online help for details.
C:\Users\Gaston\Downloads\LeagueDumper-master\LeagueDumper-master\pd\pe_imports.cpp(214,37): warning C4244: '=': conversión de '__int64' a 'DWORD'; posible pérdida de datos
C:\Users\Gaston\Downloads\LeagueDumper-master\LeagueDumper-master\pd\pe_imports.cpp(222,3): warning C4996: 'strcpy': This function or variable may be unsafe. Consider using strcpy_s instead. To disable deprecation, use _CRT_SECURE_NO_WARNINGS. See online help for details.
C:\Users\Gaston\Downloads\LeagueDumper-master\LeagueDumper-master\pd\pe_imports.cpp(223,36): warning C4244: '=': conversión de '__int64' a 'DWORD'; posible pérdida de datos
  simple.cpp
C:\Users\Gaston\Downloads\LeagueDumper-master\LeagueDumper-master\pd\simple.h(14,22): warning C4996: 'std::tr1': warning STL4002: The non-Standard std::tr1 namespace and TR1-only machinery are deprecated and will be REMOVED. You can define _SILENCE_TR1_NAMESPACE_DEPRECATION_WARNING to suppress this warning.
C:\Users\Gaston\Downloads\LeagueDumper-master\LeagueDumper-master\pd\simple.h(32,3): warning C4996: 'strcpy': This function or variable may be unsafe. Consider using strcpy_s instead. To disable deprecation, use _CRT_SECURE_NO_WARNINGS. See online help for details.
C:\Users\Gaston\Downloads\LeagueDumper-master\LeagueDumper-master\pd\simple.h(62,3): warning C4996: 'strcpy': This function or variable may be unsafe. Consider using strcpy_s instead. To disable deprecation, use _CRT_SECURE_NO_WARNINGS. See online help for details.
C:\Users\Gaston\Downloads\LeagueDumper-master\LeagueDumper-master\pd\simple.cpp(30,17): warning C4996: 'std::tr1': warning STL4002: The non-Standard std::tr1 namespace and TR1-only machinery are deprecated and will be REMOVED. You can define _SILENCE_TR1_NAMESPACE_DEPRECATION_WARNING to suppress this warning.
C:\Users\Gaston\Downloads\LeagueDumper-master\LeagueDumper-master\pd\simple.cpp(18,5): warning C4996: 'sprintf': This function or variable may be unsafe. Consider using sprintf_s instead. To disable deprecation, use _CRT_SECURE_NO_WARNINGS. See online help for details.
  terminate_monitor_hook.cpp
C:\Users\Gaston\Downloads\LeagueDumper-master\LeagueDumper-master\pd\simple.h(14,22): warning C4996: 'std::tr1': warning STL4002: The non-Standard std::tr1 namespace and TR1-only machinery are deprecated and will be REMOVED. You can define _SILENCE_TR1_NAMESPACE_DEPRECATION_WARNING to suppress this warning.
C:\Users\Gaston\Downloads\LeagueDumper-master\LeagueDumper-master\pd\simple.h(32,3): warning C4996: 'strcpy': This function or variable may be unsafe. Consider using strcpy_s instead. To disable deprecation, use _CRT_SECURE_NO_WARNINGS. See online help for details.
C:\Users\Gaston\Downloads\LeagueDumper-master\LeagueDumper-master\pd\simple.h(62,3): warning C4996: 'strcpy': This function or variable may be unsafe. Consider using strcpy_s instead. To disable deprecation, use _CRT_SECURE_NO_WARNINGS. See online help for details.
C:\Users\Gaston\Downloads\LeagueDumper-master\LeagueDumper-master\pd\export_list.h(14,22): warning C4996: 'std::tr1': warning STL4002: The non-Standard std::tr1 namespace and TR1-only machinery are deprecated and will be REMOVED. You can define _SILENCE_TR1_NAMESPACE_DEPRECATION_WARNING to suppress this warning.
  Generando código
  Previous IPDB not found, fall back to full compilation.
  All 2097 functions were compiled because no usable IPDB/IOBJ from previous compilation was found.
  Generación de código finalizada
  pd.vcxproj -> C:\Users\Gaston\Downloads\LeagueDumper-master\LeagueDumper-master\x64\Release\pd.exe
